Coverage report generated at 2026-02-06 11:09:56
Profile data: /Users/dlepage/perso/calliope/.build/arm64-apple-macosx/debug/codecov/default.profdata
Ignored paths regex: Sources/Calliope/App/CalliopeApp\.swift|Sources/Calliope/UI/(CompactFeedbackOverlay|ContentView|FeedbackPanel|InputLevelMeterView|PrivacyDisclosureSheet|RecordingsListView|RecordingsView|SessionView|SettingsView)\.swift
Line coverage: 84.03% (threshold 80%)

Filename                                                                                              Regions    Missed Regions     Cover   Functions  Missed Functions  Executed       Lines      Missed Lines     Cover    Branches   Missed Branches     Cover
-----------------------------------------------------------------------------------------------------------------------------------------------------------------------------------------------------------------------------------------------------------------
.build/arm64-apple-macosx/debug/CalliopePackageTests.derived/runner.swift                                   9                 1    88.89%           2                 0   100.00%          17                 3    82.35%           0                 0         -
.build/arm64-apple-macosx/debug/CalliopeTests.build/DerivedSources/resource_bundle_accessor.swift           5                 2    60.00%           3                 1    66.67%          15                 3    80.00%           0                 0         -
Sources/Calliope/Analysis/AnalysisSummary.swift                                                            46                 5    89.13%          15                 5    66.67%          72                 5    93.06%           0                 0         -
Sources/Calliope/Analysis/CrutchWordDetector.swift                                                         32                 1    96.88%          11                 0   100.00%          68                 0   100.00%           0                 0         -
Sources/Calliope/Analysis/PaceAnalyzer.swift                                                               12                 2    83.33%           8                 1    87.50%          23                 1    95.65%           0                 0         -
Sources/Calliope/Analysis/PauseDetector.swift                                                              42                 2    95.24%          12                 0   100.00%          96                 2    97.92%           0                 0         -
Sources/Calliope/Analysis/SpeechTranscriber.swift                                                          58                25    56.90%          24                11    54.17%         158                61    61.39%           0                 0         -
Sources/Calliope/Audio/AudioAnalyzer.swift                                                                134                30    77.61%          71                 9    87.32%         570                52    90.88%           0                 0         -
Sources/Calliope/Audio/AudioBufferCopy.swift                                                               20                 2    90.00%           1                 0   100.00%          43                 2    95.35%           0                 0         -
Sources/Calliope/Audio/AudioCapture.swift                                                                 287               148    48.43%          94                44    53.19%         787               319    59.47%           0                 0         -
Sources/Calliope/Audio/AudioInputDeviceLookup.swift                                                        33                33     0.00%          11                11     0.00%         119               119     0.00%           0                 0         -
Sources/Calliope/Audio/InputLevelMeter.swift                                                                2                 0   100.00%           2                 0   100.00%           7                 0   100.00%           0                 0         -
Sources/Calliope/Audio/ProcessingLatencyTracker.swift                                                      22                 1    95.45%           9                 0   100.00%          54                 0   100.00%           0                 0         -
Sources/Calliope/Audio/ProcessingUtilizationTracker.swift                                                  21                 1    95.24%           8                 0   100.00%          50                 0   100.00%           0                 0         -
Sources/Calliope/Audio/SilenceMonitor.swift                                                                 7                 0   100.00%           5                 0   100.00%          18                 0   100.00%           0                 0         -
Sources/Calliope/Feedback/FeedbackState.swift                                                               1                 0   100.00%           1                 0   100.00%          12                 0   100.00%           0                 0         -
Sources/Calliope/Storage/Recording.swift                                                                    1                 1     0.00%           1                 1     0.00%           9                 9     0.00%           0                 0         -
Sources/Calliope/Storage/RecordingManager.swift                                                            34                 2    94.12%          17                 1    94.12%         102                 2    98.04%           0                 0         -
Sources/Calliope/UI/AppNavigationState.swift                                                                7                 1    85.71%           3                 1    66.67%          12                 1    91.67%           0                 0         -
Sources/Calliope/UI/LiveFeedbackViewModel.swift                                                            42                 5    88.10%          26                 0   100.00%         217                 4    98.16%           0                 0         -
Sources/Calliope/UI/RecordingsListViewModel.swift                                                         153                48    68.63%          72                27    62.50%         396               107    72.98%           0                 0         -
Sources/Calliope/UI/SessionViewState.swift                                                                 30                 0   100.00%           6                 0   100.00%          43                 0   100.00%           0                 0         -
Sources/Calliope/Utils/AnalysisPreferencesStore.swift                                                      50                 2    96.00%          33                 0   100.00%         206                 5    97.57%           0                 0         -
Sources/Calliope/Utils/AudioCapturePreferencesStore.swift                                                  12                 0   100.00%          10                 0   100.00%          46                 0   100.00%           0                 0         -
Sources/Calliope/Utils/CaptureDiagnosticsFormatter.swift                                                   14                 0   100.00%           4                 0   100.00%          29                 0   100.00%           0                 0         -
Sources/Calliope/Utils/CaptureStatusFormatter.swift                                                         8                 0   100.00%           2                 0   100.00%          20                 0   100.00%           0                 0         -
Sources/Calliope/Utils/ElapsedTimeFormatter.swift                                                           3                 0   100.00%           1                 0   100.00%           6                 0   100.00%           0                 0         -
Sources/Calliope/Utils/MicTestEligibility.swift                                                            19                 7    63.16%           3                 1    66.67%          37                13    64.86%           0                 0         -
Sources/Calliope/Utils/MicrophoneDeviceManager.swift                                                       17                 5    70.59%          14                 4    71.43%          74                20    72.97%           0                 0         -
Sources/Calliope/Utils/MicrophonePermission.swift                                                          30                13    56.67%          17                 5    70.59%          89                28    68.54%           0                 0         -
Sources/Calliope/Utils/OverlayPreferencesStore.swift                                                       11                 1    90.91%          11                 1    90.91%          44                 6    86.36%           0                 0         -
Sources/Calliope/Utils/OverlayVisibility.swift                                                              2                 0   100.00%           2                 0   100.00%           4                 0   100.00%           0                 0         -
Sources/Calliope/Utils/PaceFeedback.swift                                                                  20                 0   100.00%           4                 0   100.00%          35                 0   100.00%           0                 0         -
Sources/Calliope/Utils/PathDisplayFormatter.swift                                                          10                 2    80.00%           2                 1    50.00%          21                 4    80.95%           0                 0         -
Sources/Calliope/Utils/PauseDetailsFormatter.swift                                                          5                 0   100.00%           2                 0   100.00%          11                 0   100.00%           0                 0         -
Sources/Calliope/Utils/PauseRateFormatter.swift                                                             7                 1    85.71%           2                 0   100.00%          16                 1    93.75%           0                 0         -
Sources/Calliope/Utils/PrivacyDisclosureGate.swift                                                          1                 0   100.00%           1                 0   100.00%           3                 0   100.00%           0                 0         -
Sources/Calliope/Utils/PrivacyDisclosureStore.swift                                                         4                 0   100.00%           4                 0   100.00%           6                 0   100.00%           0                 0         -
Sources/Calliope/Utils/PrivacyGuardrails.swift                                                              1                 0   100.00%           1                 0   100.00%           3                 0   100.00%           0                 0         -
Sources/Calliope/Utils/ProcessingLatencyFormatter.swift                                                     6                 0   100.00%           2                 0   100.00%          15                 0   100.00%           0                 0         -
Sources/Calliope/Utils/ProcessingUtilizationFormatter.swift                                                 6                 0   100.00%           2                 0   100.00%          15                 0   100.00%           0                 0         -
Sources/Calliope/Utils/RecordingEligibility.swift                                                          22                 1    95.45%           3                 0   100.00%          43                 1    97.67%           0                 0         -
Sources/Calliope/Utils/RecordingsFolderActionModel.swift                                                    2                 0   100.00%           2                 0   100.00%           7                 0   100.00%           0                 0         -
Sources/Calliope/Utils/SessionDurationFormatter.swift                                                       4                 0   100.00%           1                 0   100.00%          10                 0   100.00%           0                 0         -
Sources/Calliope/Utils/SystemSettingsOpener.swift                                                          16                 6    62.50%          10                 2    80.00%          40                16    60.00%           0                 0         -
Sources/Calliope/Utils/WindowLevelController.swift                                                          9                 3    66.67%           5                 3    40.00%          23                 9    60.87%           0                 0         -
Tests/CalliopeTests/AnalysisPreferencesStoreTests.swift                                                    64                 4    93.75%          56                 0   100.00%         157                 8    94.90%           0                 0         -
Tests/CalliopeTests/AnalysisSummaryTests.swift                                                             90                22    75.56%          77                21    72.73%         345                33    90.43%           0                 0         -
Tests/CalliopeTests/AppBundleTemplateTests.swift                                                           32                 5    84.38%          26                 4    84.62%          81                 6    92.59%           0                 0         -
Tests/CalliopeTests/AppNavigationStateTests.swift                                                          10                 0   100.00%          10                 0   100.00%          18                 0   100.00%           0                 0         -
Tests/CalliopeTests/AudioAnalyzerTests.swift                                                               54                18    66.67%          49                15    69.39%         159                27    83.02%           0                 0         -
Tests/CalliopeTests/AudioBufferCopyTests.swift                                                             65                12    81.54%          41                 0   100.00%         154                24    84.42%           0                 0         -
Tests/CalliopeTests/AudioCapturePreferencesStoreTests.swift                                                24                 0   100.00%          18                 0   100.00%          68                 0   100.00%           0                 0         -
Tests/CalliopeTests/AudioCaptureSmokeTests.swift                                                           42                 8    80.95%          24                 4    83.33%         108                 9    91.67%           0                 0         -
Tests/CalliopeTests/AudioCaptureTests.swift                                                               271                18    93.36%         259                16    93.82%        1193                30    97.49%           0                 0         -
Tests/CalliopeTests/CaptureDiagnosticsFormatterTests.swift                                                 18                 0   100.00%          18                 0   100.00%          58                 0   100.00%           0                 0         -
Tests/CalliopeTests/CaptureStatusFormatterTests.swift                                                      14                 0   100.00%          14                 0   100.00%          52                 0   100.00%           0                 0         -
Tests/CalliopeTests/CoverageScriptTests.swift                                                               7                 0   100.00%           6                 0   100.00%          21                 0   100.00%           0                 0         -
Tests/CalliopeTests/CrutchWordDetectorTests.swift                                                          12                 0   100.00%          12                 0   100.00%          40                 0   100.00%           0                 0         -
Tests/CalliopeTests/ElapsedTimeFormatterTests.swift                                                         6                 0   100.00%           6                 0   100.00%          11                 0   100.00%           0                 0         -
Tests/CalliopeTests/InputLevelMeterTests.swift                                                             11                 0   100.00%          11                 0   100.00%          19                 0   100.00%           0                 0         -
Tests/CalliopeTests/LiveAnalysisSmokeTests.swift                                                           83                18    78.31%          41                 1    97.56%         235                30    87.23%           0                 0         -
Tests/CalliopeTests/LiveFeedbackViewModelTests.swift                                                       61                 1    98.36%          42                 0   100.00%         498                 0   100.00%           0                 0         -
Tests/CalliopeTests/MicTestEligibilityTests.swift                                                          14                 0   100.00%          14                 0   100.00%          93                 0   100.00%           0                 0         -
Tests/CalliopeTests/MicrophoneDeviceManagerTests.swift                                                     23                 0   100.00%          23                 0   100.00%         101                 0   100.00%           0                 0         -
Tests/CalliopeTests/MicrophonePermissionManagerTests.swift                                                 17                 0   100.00%          17                 0   100.00%          86                 0   100.00%           0                 0         -
Tests/CalliopeTests/MicrophonePermissionStateTests.swift                                                   20                 0   100.00%          20                 0   100.00%          45                 0   100.00%           0                 0         -
Tests/CalliopeTests/MicrophoneSettingsActionModelTests.swift                                               14                 1    92.86%          14                 1    92.86%          47                 1    97.87%           0                 0         -
Tests/CalliopeTests/OverlayPreferencesStoreTests.swift                                                     13                 3    76.92%           7                 0   100.00%          48                 6    87.50%           0                 0         -
Tests/CalliopeTests/OverlayVisibilityTests.swift                                                            4                 0   100.00%           4                 0   100.00%          32                 0   100.00%           0                 0         -
Tests/CalliopeTests/PaceAnalyzerTests.swift                                                                 8                 0   100.00%           8                 0   100.00%          31                 0   100.00%           0                 0         -
Tests/CalliopeTests/PaceFeedbackTests.swift                                                                43                 0   100.00%          43                 0   100.00%          82                 0   100.00%           0                 0         -
Tests/CalliopeTests/PathDisplayFormatterTests.swift                                                         9                 0   100.00%           9                 0   100.00%          29                 0   100.00%           0                 0         -
Tests/CalliopeTests/PauseDetailsFormatterTests.swift                                                        9                 0   100.00%           9                 0   100.00%          18                 0   100.00%           0                 0         -
Tests/CalliopeTests/PauseDetectorTests.swift                                                               72                 0   100.00%          66                 0   100.00%         237                 0   100.00%           0                 0         -
Tests/CalliopeTests/PauseRateFormatterTests.swift                                                           6                 0   100.00%           6                 0   100.00%          11                 0   100.00%           0                 0         -
Tests/CalliopeTests/PrivacyDisclosureGateTests.swift                                                        4                 0   100.00%           4                 0   100.00%           8                 0   100.00%           0                 0         -
Tests/CalliopeTests/PrivacyDisclosureStoreTests.swift                                                       5                 1    80.00%           3                 0   100.00%          18                 2    88.89%           0                 0         -
Tests/CalliopeTests/PrivacyGuardrailsTests.swift                                                            6                 0   100.00%           6                 0   100.00%          25                 0   100.00%           0                 0         -
Tests/CalliopeTests/ProcessingLatencyFormatterTests.swift                                                  17                 0   100.00%          17                 0   100.00%          41                 0   100.00%           0                 0         -
Tests/CalliopeTests/ProcessingLatencyTrackerTests.swift                                                    59                 0   100.00%          59                 0   100.00%         108                 0   100.00%           0                 0         -
Tests/CalliopeTests/ProcessingUtilizationFormatterTests.swift                                              17                 0   100.00%          17                 0   100.00%          41                 0   100.00%           0                 0         -
Tests/CalliopeTests/ProcessingUtilizationTrackerTests.swift                                                43                 0   100.00%          43                 0   100.00%          82                 0   100.00%           0                 0         -
Tests/CalliopeTests/RecordingEligibilityMessageTests.swift                                                  5                 1    80.00%           3                 1    66.67%          18                 1    94.44%           0                 0         -
Tests/CalliopeTests/RecordingEligibilityTests.swift                                                        22                 0   100.00%          22                 0   100.00%         149                 0   100.00%           0                 0         -
Tests/CalliopeTests/RecordingListViewModelTests.swift                                                     246                11    95.53%         243                11    95.47%         850                11    98.71%           0                 0         -
Tests/CalliopeTests/RecordingManagerTests.swift                                                            52                 0   100.00%          48                 0   100.00%         200                 0   100.00%           0                 0         -
Tests/CalliopeTests/RecordingsFolderActionModelTests.swift                                                  9                 2    77.78%           9                 2    77.78%          26                 4    84.62%           0                 0         -
Tests/CalliopeTests/SessionDurationFormatterTests.swift                                                    24                 0   100.00%          24                 0   100.00%          38                 0   100.00%           0                 0         -
Tests/CalliopeTests/SessionViewStateTests.swift                                                            32                 0   100.00%          32                 0   100.00%          72                 0   100.00%           0                 0         -
Tests/CalliopeTests/SilenceMonitorTests.swift                                                              10                 0   100.00%          10                 0   100.00%          35                 0   100.00%           0                 0         -
Tests/CalliopeTests/SoundSettingsActionModelTests.swift                                                    12                 1    91.67%          12                 1    91.67%          39                 1    97.44%           0                 0         -
Tests/CalliopeTests/SpeechTranscriberTests.swift                                                           44                 5    88.64%          42                 5    88.10%         179                11    93.85%           0                 0         -
Tests/CalliopeTests/SwiftTestScriptTests.swift                                                              7                 0   100.00%           6                 0   100.00%          21                 0   100.00%           0                 0         -
Tests/CalliopeTests/WindowLevelControllerTests.swift                                                       11                 0   100.00%          11                 0   100.00%          34                 0   100.00%           0                 0         -
-----------------------------------------------------------------------------------------------------------------------------------------------------------------------------------------------------------------------------------------------------------------
TOTAL                                                                                                    3018               482    84.03%        2101               211    89.96%        9752               997    89.78%           0                 0         -
